<?xml version="1.0" encoding="UTF-8"?>
<testsuite xmlns:xsi="http://www.w3.org/2001/XMLSchema-instance" xsi:noNamespaceSchemaLocation="https://maven.apache.org/surefire/maven-surefire-plugin/xsd/surefire-test-report-3.0.xsd" version="3.0" name="com.example.EditMatch.EditMatchApplicationTests" time="6.851" tests="1" errors="0" skipped="0" failures="0">
  <properties>
    <property name="java.specification.version" value="17"/>
    <property name="sun.jnu.encoding" value="UTF-8"/>
    <property name="java.class.path" value="/home/victoraugusto/Documentos/editMatch/backend/target/test-classes:/home/victoraugusto/Documentos/editMatch/backend/target/classes:/home/victoraugusto/.m2/repository/com/google/api-client/google-api-client/1.32.1/google-api-client-1.32.1.jar:/home/victoraugusto/.m2/repository/com/google/oauth-client/google-oauth-client/1.31.5/google-oauth-client-1.31.5.jar:/home/victoraugusto/.m2/repository/com/google/http-client/google-http-client-gson/1.39.2/google-http-client-gson-1.39.2.jar:/home/victoraugusto/.m2/repository/com/google/code/gson/gson/2.10.1/gson-2.10.1.jar:/home/victoraugusto/.m2/repository/com/google/guava/guava/30.1.1-android/guava-30.1.1-android.jar:/home/victoraugusto/.m2/repository/com/google/guava/failureaccess/1.0.1/failureaccess-1.0.1.jar:/home/victoraugusto/.m2/repository/com/google/guava/listenablefuture/9999.0-empty-to-avoid-conflict-with-guava/listenablefuture-9999.0-empty-to-avoid-conflict-with-guava.jar:/home/victoraugusto/.m2/repository/com/google/code/findbugs/jsr305/3.0.2/jsr305-3.0.2.jar:/home/victoraugusto/.m2/repository/org/checkerframework/checker-compat-qual/2.5.5/checker-compat-qual-2.5.5.jar:/home/victoraugusto/.m2/repository/com/google/errorprone/error_prone_annotations/2.5.1/error_prone_annotations-2.5.1.jar:/home/victoraugusto/.m2/repository/com/google/j2objc/j2objc-annotations/1.3/j2objc-annotations-1.3.jar:/home/victoraugusto/.m2/repository/com/google/http-client/google-http-client-apache-v2/1.39.2/google-http-client-apache-v2-1.39.2.jar:/home/victoraugusto/.m2/repository/org/apache/httpcomponents/httpcore/4.4.16/httpcore-4.4.16.jar:/home/victoraugusto/.m2/repository/org/apache/httpcomponents/httpclient/4.5.13/httpclient-4.5.13.jar:/home/victoraugusto/.m2/repository/commons-logging/commons-logging/1.2/commons-logging-1.2.jar:/home/victoraugusto/.m2/repository/commons-codec/commons-codec/1.15/commons-codec-1.15.jar:/home/victoraugusto/.m2/repository/com/google/http-client/google-http-client/1.39.2/google-http-client-1.39.2.jar:/home/victoraugusto/.m2/repository/io/opencensus/opencensus-api/0.28.0/opencensus-api-0.28.0.jar:/home/victoraugusto/.m2/repository/io/grpc/grpc-context/1.27.2/grpc-context-1.27.2.jar:/home/victoraugusto/.m2/repository/io/opencensus/opencensus-contrib-http-util/0.28.0/opencensus-contrib-http-util-0.28.0.jar:/home/victoraugusto/.m2/repository/com/google/apis/google-api-services-youtube/v3-rev222-1.25.0/google-api-services-youtube-v3-rev222-1.25.0.jar:/home/victoraugusto/.m2/repository/com/google/http-client/google-http-client-jackson2/1.40.1/google-http-client-jackson2-1.40.1.jar:/home/victoraugusto/.m2/repository/com/fasterxml/jackson/core/jackson-core/2.15.2/jackson-core-2.15.2.jar:/home/victoraugusto/.m2/repository/org/springframework/boot/spring-boot-starter-data-jpa/3.1.3/spring-boot-starter-data-jpa-3.1.3.jar:/home/victoraugusto/.m2/repository/org/springframework/boot/spring-boot-starter-aop/3.1.3/spring-boot-starter-aop-3.1.3.jar:/home/victoraugusto/.m2/repository/org/aspectj/aspectjweaver/1.9.20/aspectjweaver-1.9.20.jar:/home/victoraugusto/.m2/repository/org/springframework/boot/spring-boot-starter-jdbc/3.1.3/spring-boot-starter-jdbc-3.1.3.jar:/home/victoraugusto/.m2/repository/com/zaxxer/HikariCP/5.0.1/HikariCP-5.0.1.jar:/home/victoraugusto/.m2/repository/org/springframework/spring-jdbc/6.0.11/spring-jdbc-6.0.11.jar:/home/victoraugusto/.m2/repository/org/hibernate/orm/hibernate-core/6.2.7.Final/hibernate-core-6.2.7.Final.jar:/home/victoraugusto/.m2/repository/jakarta/persistence/jakarta.persistence-api/3.1.0/jakarta.persistence-api-3.1.0.jar:/home/victoraugusto/.m2/repository/jakarta/transaction/jakarta.transaction-api/2.0.1/jakarta.transaction-api-2.0.1.jar:/home/victoraugusto/.m2/repository/org/jboss/logging/jboss-logging/3.5.3.Final/jboss-logging-3.5.3.Final.jar:/home/victoraugusto/.m2/repository/org/hibernate/common/hibernate-commons-annotations/6.0.6.Final/hibernate-commons-annotations-6.0.6.Final.jar:/home/victoraugusto/.m2/repository/io/smallrye/jandex/3.0.5/jandex-3.0.5.jar:/home/victoraugusto/.m2/repository/net/bytebuddy/byte-buddy/1.14.6/byte-buddy-1.14.6.jar:/home/victoraugusto/.m2/repository/org/glassfish/jaxb/jaxb-runtime/4.0.3/jaxb-runtime-4.0.3.jar:/home/victoraugusto/.m2/repository/org/glassfish/jaxb/jaxb-core/4.0.3/jaxb-core-4.0.3.jar:/home/victoraugusto/.m2/repository/org/eclipse/angus/angus-activation/2.0.1/angus-activation-2.0.1.jar:/home/victoraugusto/.m2/repository/org/glassfish/jaxb/txw2/4.0.3/txw2-4.0.3.jar:/home/victoraugusto/.m2/repository/com/sun/istack/istack-commons-runtime/4.1.2/istack-commons-runtime-4.1.2.jar:/home/victoraugusto/.m2/repository/jakarta/inject/jakarta.inject-api/2.0.1/jakarta.inject-api-2.0.1.jar:/home/victoraugusto/.m2/repository/org/antlr/antlr4-runtime/4.10.1/antlr4-runtime-4.10.1.jar:/home/victoraugusto/.m2/repository/org/springframework/data/spring-data-jpa/3.1.3/spring-data-jpa-3.1.3.jar:/home/victoraugusto/.m2/repository/org/springframework/data/spring-data-commons/3.1.3/spring-data-commons-3.1.3.jar:/home/victoraugusto/.m2/repository/org/springframework/spring-orm/6.0.11/spring-orm-6.0.11.jar:/home/victoraugusto/.m2/repository/org/springframework/spring-context/6.0.11/spring-context-6.0.11.jar:/home/victoraugusto/.m2/repository/org/springframework/spring-tx/6.0.11/spring-tx-6.0.11.jar:/home/victoraugusto/.m2/repository/org/springframework/spring-beans/6.0.11/spring-beans-6.0.11.jar:/home/victoraugusto/.m2/repository/jakarta/annotation/jakarta.annotation-api/2.1.1/jakarta.annotation-api-2.1.1.jar:/home/victoraugusto/.m2/repository/org/springframework/spring-aspects/6.0.11/spring-aspects-6.0.11.jar:/home/victoraugusto/.m2/repository/org/springframework/boot/spring-boot-starter-web/3.1.4/spring-boot-starter-web-3.1.4.jar:/home/victoraugusto/.m2/repository/org/springframework/boot/spring-boot-starter/3.1.3/spring-boot-starter-3.1.3.jar:/home/victoraugusto/.m2/repository/org/springframework/boot/spring-boot/3.1.3/spring-boot-3.1.3.jar:/home/victoraugusto/.m2/repository/org/springframework/boot/spring-boot-autoconfigure/3.1.3/spring-boot-autoconfigure-3.1.3.jar:/home/victoraugusto/.m2/repository/org/springframework/boot/spring-boot-starter-logging/3.1.3/spring-boot-starter-logging-3.1.3.jar:/home/victoraugusto/.m2/repository/ch/qos/logback/logback-classic/1.4.11/logback-classic-1.4.11.jar:/home/victoraugusto/.m2/repository/ch/qos/logback/logback-core/1.4.11/logback-core-1.4.11.jar:/home/victoraugusto/.m2/repository/org/apache/logging/log4j/log4j-to-slf4j/2.20.0/log4j-to-slf4j-2.20.0.jar:/home/victoraugusto/.m2/repository/org/apache/logging/log4j/log4j-api/2.20.0/log4j-api-2.20.0.jar:/home/victoraugusto/.m2/repository/org/slf4j/jul-to-slf4j/2.0.7/jul-to-slf4j-2.0.7.jar:/home/victoraugusto/.m2/repository/org/yaml/snakeyaml/1.33/snakeyaml-1.33.jar:/home/victoraugusto/.m2/repository/org/springframework/boot/spring-boot-starter-json/3.1.3/spring-boot-starter-json-3.1.3.jar:/home/victoraugusto/.m2/repository/com/fasterxml/jackson/datatype/jackson-datatype-jdk8/2.15.2/jackson-datatype-jdk8-2.15.2.jar:/home/victoraugusto/.m2/repository/com/fasterxml/jackson/datatype/jackson-datatype-jsr310/2.15.2/jackson-datatype-jsr310-2.15.2.jar:/home/victoraugusto/.m2/repository/com/fasterxml/jackson/module/jackson-module-parameter-names/2.15.2/jackson-module-parameter-names-2.15.2.jar:/home/victoraugusto/.m2/repository/org/springframework/boot/spring-boot-starter-tomcat/3.1.3/spring-boot-starter-tomcat-3.1.3.jar:/home/victoraugusto/.m2/repository/org/apache/tomcat/embed/tomcat-embed-core/10.1.12/tomcat-embed-core-10.1.12.jar:/home/victoraugusto/.m2/repository/org/apache/tomcat/embed/tomcat-embed-websocket/10.1.12/tomcat-embed-websocket-10.1.12.jar:/home/victoraugusto/.m2/repository/org/springframework/spring-web/6.0.11/spring-web-6.0.11.jar:/home/victoraugusto/.m2/repository/org/springframework/spring-webmvc/6.0.11/spring-webmvc-6.0.11.jar:/home/victoraugusto/.m2/repository/org/springframework/spring-expression/6.0.11/spring-expression-6.0.11.jar:/home/victoraugusto/.m2/repository/com/h2database/h2/2.1.214/h2-2.1.214.jar:/home/victoraugusto/.m2/repository/org/springframework/boot/spring-boot-starter-test/3.1.3/spring-boot-starter-test-3.1.3.jar:/home/victoraugusto/.m2/repository/org/springframework/boot/spring-boot-test/3.1.3/spring-boot-test-3.1.3.jar:/home/victoraugusto/.m2/repository/org/springframework/boot/spring-boot-test-autoconfigure/3.1.3/spring-boot-test-autoconfigure-3.1.3.jar:/home/victoraugusto/.m2/repository/com/jayway/jsonpath/json-path/2.8.0/json-path-2.8.0.jar:/home/victoraugusto/.m2/repository/jakarta/xml/bind/jakarta.xml.bind-api/4.0.0/jakarta.xml.bind-api-4.0.0.jar:/home/victoraugusto/.m2/repository/jakarta/activation/jakarta.activation-api/2.1.2/jakarta.activation-api-2.1.2.jar:/home/victoraugusto/.m2/repository/net/minidev/json-smart/2.4.11/json-smart-2.4.11.jar:/home/victoraugusto/.m2/repository/net/minidev/accessors-smart/2.4.11/accessors-smart-2.4.11.jar:/home/victoraugusto/.m2/repository/org/ow2/asm/asm/9.3/asm-9.3.jar:/home/victoraugusto/.m2/repository/org/assertj/assertj-core/3.24.2/assertj-core-3.24.2.jar:/home/victoraugusto/.m2/repository/org/hamcrest/hamcrest/2.2/hamcrest-2.2.jar:/home/victoraugusto/.m2/repository/org/junit/jupiter/junit-jupiter/5.9.3/junit-jupiter-5.9.3.jar:/home/victoraugusto/.m2/repository/org/junit/jupiter/junit-jupiter-api/5.9.3/junit-jupiter-api-5.9.3.jar:/home/victoraugusto/.m2/repository/org/opentest4j/opentest4j/1.2.0/opentest4j-1.2.0.jar:/home/victoraugusto/.m2/repository/org/junit/platform/junit-platform-commons/1.9.3/junit-platform-commons-1.9.3.jar:/home/victoraugusto/.m2/repository/org/apiguardian/apiguardian-api/1.1.2/apiguardian-api-1.1.2.jar:/home/victoraugusto/.m2/repository/org/junit/jupiter/junit-jupiter-params/5.9.3/junit-jupiter-params-5.9.3.jar:/home/victoraugusto/.m2/repository/org/junit/jupiter/junit-jupiter-engine/5.9.3/junit-jupiter-engine-5.9.3.jar:/home/victoraugusto/.m2/repository/org/junit/platform/junit-platform-engine/1.9.3/junit-platform-engine-1.9.3.jar:/home/victoraugusto/.m2/repository/org/mockito/mockito-core/5.3.1/mockito-core-5.3.1.jar:/home/victoraugusto/.m2/repository/net/bytebuddy/byte-buddy-agent/1.14.6/byte-buddy-agent-1.14.6.jar:/home/victoraugusto/.m2/repository/org/objenesis/objenesis/3.3/objenesis-3.3.jar:/home/victoraugusto/.m2/repository/org/mockito/mockito-junit-jupiter/5.3.1/mockito-junit-jupiter-5.3.1.jar:/home/victoraugusto/.m2/repository/org/skyscreamer/jsonassert/1.5.1/jsonassert-1.5.1.jar:/home/victoraugusto/.m2/repository/com/vaadin/external/google/android-json/0.0.20131108.vaadin1/android-json-0.0.20131108.vaadin1.jar:/home/victoraugusto/.m2/repository/org/springframework/spring-core/6.0.11/spring-core-6.0.11.jar:/home/victoraugusto/.m2/repository/org/springframework/spring-jcl/6.0.11/spring-jcl-6.0.11.jar:/home/victoraugusto/.m2/repository/org/springframework/spring-test/6.0.11/spring-test-6.0.11.jar:/home/victoraugusto/.m2/repository/org/xmlunit/xmlunit-core/2.9.1/xmlunit-core-2.9.1.jar:/home/victoraugusto/.m2/repository/org/springframework/boot/spring-boot-starter-security/3.1.3/spring-boot-starter-security-3.1.3.jar:/home/victoraugusto/.m2/repository/org/springframework/spring-aop/6.0.11/spring-aop-6.0.11.jar:/home/victoraugusto/.m2/repository/org/springframework/security/spring-security-config/6.1.3/spring-security-config-6.1.3.jar:/home/victoraugusto/.m2/repository/org/springframework/security/spring-security-web/6.1.3/spring-security-web-6.1.3.jar:/home/victoraugusto/.m2/repository/org/springframework/security/spring-security-test/6.1.3/spring-security-test-6.1.3.jar:/home/victoraugusto/.m2/repository/org/springframework/security/spring-security-core/6.1.3/spring-security-core-6.1.3.jar:/home/victoraugusto/.m2/repository/org/springframework/security/spring-security-crypto/6.1.3/spring-security-crypto-6.1.3.jar:/home/victoraugusto/.m2/repository/io/jsonwebtoken/jjwt-api/0.11.5/jjwt-api-0.11.5.jar:/home/victoraugusto/.m2/repository/io/jsonwebtoken/jjwt-impl/0.11.2/jjwt-impl-0.11.2.jar:/home/victoraugusto/.m2/repository/io/jsonwebtoken/jjwt-jackson/0.11.1/jjwt-jackson-0.11.1.jar:/home/victoraugusto/.m2/repository/com/fasterxml/jackson/core/jackson-databind/2.15.2/jackson-databind-2.15.2.jar:/home/victoraugusto/.m2/repository/com/fasterxml/jackson/core/jackson-annotations/2.15.2/jackson-annotations-2.15.2.jar:/home/victoraugusto/.m2/repository/org/springframework/boot/spring-boot-starter-actuator/3.0.5/spring-boot-starter-actuator-3.0.5.jar:/home/victoraugusto/.m2/repository/org/springframework/boot/spring-boot-actuator-autoconfigure/3.1.3/spring-boot-actuator-autoconfigure-3.1.3.jar:/home/victoraugusto/.m2/repository/org/springframework/boot/spring-boot-actuator/3.1.3/spring-boot-actuator-3.1.3.jar:/home/victoraugusto/.m2/repository/io/micrometer/micrometer-observation/1.11.3/micrometer-observation-1.11.3.jar:/home/victoraugusto/.m2/repository/io/micrometer/micrometer-commons/1.11.3/micrometer-commons-1.11.3.jar:/home/victoraugusto/.m2/repository/io/micrometer/micrometer-core/1.11.3/micrometer-core-1.11.3.jar:/home/victoraugusto/.m2/repository/org/hdrhistogram/HdrHistogram/2.1.12/HdrHistogram-2.1.12.jar:/home/victoraugusto/.m2/repository/org/latencyutils/LatencyUtils/2.0.3/LatencyUtils-2.0.3.jar:/home/victoraugusto/.m2/repository/org/springframework/boot/spring-boot-starter-websocket/3.1.3/spring-boot-starter-websocket-3.1.3.jar:/home/victoraugusto/.m2/repository/org/springframework/spring-messaging/6.0.11/spring-messaging-6.0.11.jar:/home/victoraugusto/.m2/repository/org/springframework/spring-websocket/6.0.11/spring-websocket-6.0.11.jar:/home/victoraugusto/.m2/repository/org/springdoc/springdoc-openapi-starter-webmvc-ui/2.2.0/springdoc-openapi-starter-webmvc-ui-2.2.0.jar:/home/victoraugusto/.m2/repository/org/springdoc/springdoc-openapi-starter-webmvc-api/2.2.0/springdoc-openapi-starter-webmvc-api-2.2.0.jar:/home/victoraugusto/.m2/repository/org/springdoc/springdoc-openapi-starter-common/2.2.0/springdoc-openapi-starter-common-2.2.0.jar:/home/victoraugusto/.m2/repository/io/swagger/core/v3/swagger-core-jakarta/2.2.15/swagger-core-jakarta-2.2.15.jar:/home/victoraugusto/.m2/repository/org/apache/commons/commons-lang3/3.12.0/commons-lang3-3.12.0.jar:/home/victoraugusto/.m2/repository/io/swagger/core/v3/swagger-annotations-jakarta/2.2.15/swagger-annotations-jakarta-2.2.15.jar:/home/victoraugusto/.m2/repository/io/swagger/core/v3/swagger-models-jakarta/2.2.15/swagger-models-jakarta-2.2.15.jar:/home/victoraugusto/.m2/repository/com/fasterxml/jackson/dataformat/jackson-dataformat-yaml/2.15.2/jackson-dataformat-yaml-2.15.2.jar:/home/victoraugusto/.m2/repository/org/webjars/swagger-ui/5.2.0/swagger-ui-5.2.0.jar:/home/victoraugusto/.m2/repository/org/springframework/boot/spring-boot-starter-validation/3.1.3/spring-boot-starter-validation-3.1.3.jar:/home/victoraugusto/.m2/repository/org/apache/tomcat/embed/tomcat-embed-el/10.1.12/tomcat-embed-el-10.1.12.jar:/home/victoraugusto/.m2/repository/org/hibernate/validator/hibernate-validator/8.0.1.Final/hibernate-validator-8.0.1.Final.jar:/home/victoraugusto/.m2/repository/jakarta/validation/jakarta.validation-api/3.0.2/jakarta.validation-api-3.0.2.jar:/home/victoraugusto/.m2/repository/io/springfox/springfox-swagger2/3.0.0/springfox-swagger2-3.0.0.jar:/home/victoraugusto/.m2/repository/io/springfox/springfox-spi/3.0.0/springfox-spi-3.0.0.jar:/home/victoraugusto/.m2/repository/io/springfox/springfox-core/3.0.0/springfox-core-3.0.0.jar:/home/victoraugusto/.m2/repository/io/springfox/springfox-schema/3.0.0/springfox-schema-3.0.0.jar:/home/victoraugusto/.m2/repository/io/springfox/springfox-swagger-common/3.0.0/springfox-swagger-common-3.0.0.jar:/home/victoraugusto/.m2/repository/io/swagger/core/v3/swagger-annotations/2.1.2/swagger-annotations-2.1.2.jar:/home/victoraugusto/.m2/repository/io/springfox/springfox-spring-web/3.0.0/springfox-spring-web-3.0.0.jar:/home/victoraugusto/.m2/repository/io/github/classgraph/classgraph/4.8.83/classgraph-4.8.83.jar:/home/victoraugusto/.m2/repository/io/springfox/springfox-spring-webmvc/3.0.0/springfox-spring-webmvc-3.0.0.jar:/home/victoraugusto/.m2/repository/io/springfox/springfox-spring-webflux/3.0.0/springfox-spring-webflux-3.0.0.jar:/home/victoraugusto/.m2/repository/com/fasterxml/classmate/1.5.1/classmate-1.5.1.jar:/home/victoraugusto/.m2/repository/org/slf4j/slf4j-api/2.0.7/slf4j-api-2.0.7.jar:/home/victoraugusto/.m2/repository/org/springframework/plugin/spring-plugin-core/2.0.0.RELEASE/spring-plugin-core-2.0.0.RELEASE.jar:/home/victoraugusto/.m2/repository/org/springframework/plugin/spring-plugin-metadata/2.0.0.RELEASE/spring-plugin-metadata-2.0.0.RELEASE.jar:/home/victoraugusto/.m2/repository/io/swagger/swagger-annotations/1.5.20/swagger-annotations-1.5.20.jar:/home/victoraugusto/.m2/repository/io/swagger/swagger-models/1.5.20/swagger-models-1.5.20.jar:/home/victoraugusto/.m2/repository/org/mapstruct/mapstruct/1.3.1.Final/mapstruct-1.3.1.Final.jar:/home/victoraugusto/.m2/repository/io/springfox/springfox-swagger-ui/3.0.0/springfox-swagger-ui-3.0.0.jar:/home/victoraugusto/.m2/repository/org/projectlombok/lombok/1.18.30/lombok-1.18.30.jar:"/>
    <property name="java.vm.vendor" value="Amazon.com Inc."/>
    <property name="sun.arch.data.model" value="64"/>
    <property name="java.vendor.url" value="https://aws.amazon.com/corretto/"/>
    <property name="user.timezone" value="America/Sao_Paulo"/>
    <property name="org.jboss.logging.provider" value="slf4j"/>
    <property name="os.name" value="Linux"/>
    <property name="java.vm.specification.version" value="17"/>
    <property name="sun.java.launcher" value="SUN_STANDARD"/>
    <property name="user.country" value="BR"/>
    <property name="sun.boot.library.path" value="/home/victoraugusto/.jdks/corretto-17.0.10/lib"/>
    <property name="sun.java.command" value="/home/victoraugusto/Documentos/editMatch/backend/target/surefire/surefirebooter-20240312103741880_3.jar /home/victoraugusto/Documentos/editMatch/backend/target/surefire 2024-03-12T10-37-41_158-jvmRun1 surefire-20240312103741880_1tmp surefire_0-20240312103741880_2tmp"/>
    <property name="jdk.debug" value="release"/>
    <property name="surefire.test.class.path" value="/home/victoraugusto/Documentos/editMatch/backend/target/test-classes:/home/victoraugusto/Documentos/editMatch/backend/target/classes:/home/victoraugusto/.m2/repository/com/google/api-client/google-api-client/1.32.1/google-api-client-1.32.1.jar:/home/victoraugusto/.m2/repository/com/google/oauth-client/google-oauth-client/1.31.5/google-oauth-client-1.31.5.jar:/home/victoraugusto/.m2/repository/com/google/http-client/google-http-client-gson/1.39.2/google-http-client-gson-1.39.2.jar:/home/victoraugusto/.m2/repository/com/google/code/gson/gson/2.10.1/gson-2.10.1.jar:/home/victoraugusto/.m2/repository/com/google/guava/guava/30.1.1-android/guava-30.1.1-android.jar:/home/victoraugusto/.m2/repository/com/google/guava/failureaccess/1.0.1/failureaccess-1.0.1.jar:/home/victoraugusto/.m2/repository/com/google/guava/listenablefuture/9999.0-empty-to-avoid-conflict-with-guava/listenablefuture-9999.0-empty-to-avoid-conflict-with-guava.jar:/home/victoraugusto/.m2/repository/com/google/code/findbugs/jsr305/3.0.2/jsr305-3.0.2.jar:/home/victoraugusto/.m2/repository/org/checkerframework/checker-compat-qual/2.5.5/checker-compat-qual-2.5.5.jar:/home/victoraugusto/.m2/repository/com/google/errorprone/error_prone_annotations/2.5.1/error_prone_annotations-2.5.1.jar:/home/victoraugusto/.m2/repository/com/google/j2objc/j2objc-annotations/1.3/j2objc-annotations-1.3.jar:/home/victoraugusto/.m2/repository/com/google/http-client/google-http-client-apache-v2/1.39.2/google-http-client-apache-v2-1.39.2.jar:/home/victoraugusto/.m2/repository/org/apache/httpcomponents/httpcore/4.4.16/httpcore-4.4.16.jar:/home/victoraugusto/.m2/repository/org/apache/httpcomponents/httpclient/4.5.13/httpclient-4.5.13.jar:/home/victoraugusto/.m2/repository/commons-logging/commons-logging/1.2/commons-logging-1.2.jar:/home/victoraugusto/.m2/repository/commons-codec/commons-codec/1.15/commons-codec-1.15.jar:/home/victoraugusto/.m2/repository/com/google/http-client/google-http-client/1.39.2/google-http-client-1.39.2.jar:/home/victoraugusto/.m2/repository/io/opencensus/opencensus-api/0.28.0/opencensus-api-0.28.0.jar:/home/victoraugusto/.m2/repository/io/grpc/grpc-context/1.27.2/grpc-context-1.27.2.jar:/home/victoraugusto/.m2/repository/io/opencensus/opencensus-contrib-http-util/0.28.0/opencensus-contrib-http-util-0.28.0.jar:/home/victoraugusto/.m2/repository/com/google/apis/google-api-services-youtube/v3-rev222-1.25.0/google-api-services-youtube-v3-rev222-1.25.0.jar:/home/victoraugusto/.m2/repository/com/google/http-client/google-http-client-jackson2/1.40.1/google-http-client-jackson2-1.40.1.jar:/home/victoraugusto/.m2/repository/com/fasterxml/jackson/core/jackson-core/2.15.2/jackson-core-2.15.2.jar:/home/victoraugusto/.m2/repository/org/springframework/boot/spring-boot-starter-data-jpa/3.1.3/spring-boot-starter-data-jpa-3.1.3.jar:/home/victoraugusto/.m2/repository/org/springframework/boot/spring-boot-starter-aop/3.1.3/spring-boot-starter-aop-3.1.3.jar:/home/victoraugusto/.m2/repository/org/aspectj/aspectjweaver/1.9.20/aspectjweaver-1.9.20.jar:/home/victoraugusto/.m2/repository/org/springframework/boot/spring-boot-starter-jdbc/3.1.3/spring-boot-starter-jdbc-3.1.3.jar:/home/victoraugusto/.m2/repository/com/zaxxer/HikariCP/5.0.1/HikariCP-5.0.1.jar:/home/victoraugusto/.m2/repository/org/springframework/spring-jdbc/6.0.11/spring-jdbc-6.0.11.jar:/home/victoraugusto/.m2/repository/org/hibernate/orm/hibernate-core/6.2.7.Final/hibernate-core-6.2.7.Final.jar:/home/victoraugusto/.m2/repository/jakarta/persistence/jakarta.persistence-api/3.1.0/jakarta.persistence-api-3.1.0.jar:/home/victoraugusto/.m2/repository/jakarta/transaction/jakarta.transaction-api/2.0.1/jakarta.transaction-api-2.0.1.jar:/home/victoraugusto/.m2/repository/org/jboss/logging/jboss-logging/3.5.3.Final/jboss-logging-3.5.3.Final.jar:/home/victoraugusto/.m2/repository/org/hibernate/common/hibernate-commons-annotations/6.0.6.Final/hibernate-commons-annotations-6.0.6.Final.jar:/home/victoraugusto/.m2/repository/io/smallrye/jandex/3.0.5/jandex-3.0.5.jar:/home/victoraugusto/.m2/repository/net/bytebuddy/byte-buddy/1.14.6/byte-buddy-1.14.6.jar:/home/victoraugusto/.m2/repository/org/glassfish/jaxb/jaxb-runtime/4.0.3/jaxb-runtime-4.0.3.jar:/home/victoraugusto/.m2/repository/org/glassfish/jaxb/jaxb-core/4.0.3/jaxb-core-4.0.3.jar:/home/victoraugusto/.m2/repository/org/eclipse/angus/angus-activation/2.0.1/angus-activation-2.0.1.jar:/home/victoraugusto/.m2/repository/org/glassfish/jaxb/txw2/4.0.3/txw2-4.0.3.jar:/home/victoraugusto/.m2/repository/com/sun/istack/istack-commons-runtime/4.1.2/istack-commons-runtime-4.1.2.jar:/home/victoraugusto/.m2/repository/jakarta/inject/jakarta.inject-api/2.0.1/jakarta.inject-api-2.0.1.jar:/home/victoraugusto/.m2/repository/org/antlr/antlr4-runtime/4.10.1/antlr4-runtime-4.10.1.jar:/home/victoraugusto/.m2/repository/org/springframework/data/spring-data-jpa/3.1.3/spring-data-jpa-3.1.3.jar:/home/victoraugusto/.m2/repository/org/springframework/data/spring-data-commons/3.1.3/spring-data-commons-3.1.3.jar:/home/victoraugusto/.m2/repository/org/springframework/spring-orm/6.0.11/spring-orm-6.0.11.jar:/home/victoraugusto/.m2/repository/org/springframework/spring-context/6.0.11/spring-context-6.0.11.jar:/home/victoraugusto/.m2/repository/org/springframework/spring-tx/6.0.11/spring-tx-6.0.11.jar:/home/victoraugusto/.m2/repository/org/springframework/spring-beans/6.0.11/spring-beans-6.0.11.jar:/home/victoraugusto/.m2/repository/jakarta/annotation/jakarta.annotation-api/2.1.1/jakarta.annotation-api-2.1.1.jar:/home/victoraugusto/.m2/repository/org/springframework/spring-aspects/6.0.11/spring-aspects-6.0.11.jar:/home/victoraugusto/.m2/repository/org/springframework/boot/spring-boot-starter-web/3.1.4/spring-boot-starter-web-3.1.4.jar:/home/victoraugusto/.m2/repository/org/springframework/boot/spring-boot-starter/3.1.3/spring-boot-starter-3.1.3.jar:/home/victoraugusto/.m2/repository/org/springframework/boot/spring-boot/3.1.3/spring-boot-3.1.3.jar:/home/victoraugusto/.m2/repository/org/springframework/boot/spring-boot-autoconfigure/3.1.3/spring-boot-autoconfigure-3.1.3.jar:/home/victoraugusto/.m2/repository/org/springframework/boot/spring-boot-starter-logging/3.1.3/spring-boot-starter-logging-3.1.3.jar:/home/victoraugusto/.m2/repository/ch/qos/logback/logback-classic/1.4.11/logback-classic-1.4.11.jar:/home/victoraugusto/.m2/repository/ch/qos/logback/logback-core/1.4.11/logback-core-1.4.11.jar:/home/victoraugusto/.m2/repository/org/apache/logging/log4j/log4j-to-slf4j/2.20.0/log4j-to-slf4j-2.20.0.jar:/home/victoraugusto/.m2/repository/org/apache/logging/log4j/log4j-api/2.20.0/log4j-api-2.20.0.jar:/home/victoraugusto/.m2/repository/org/slf4j/jul-to-slf4j/2.0.7/jul-to-slf4j-2.0.7.jar:/home/victoraugusto/.m2/repository/org/yaml/snakeyaml/1.33/snakeyaml-1.33.jar:/home/victoraugusto/.m2/repository/org/springframework/boot/spring-boot-starter-json/3.1.3/spring-boot-starter-json-3.1.3.jar:/home/victoraugusto/.m2/repository/com/fasterxml/jackson/datatype/jackson-datatype-jdk8/2.15.2/jackson-datatype-jdk8-2.15.2.jar:/home/victoraugusto/.m2/repository/com/fasterxml/jackson/datatype/jackson-datatype-jsr310/2.15.2/jackson-datatype-jsr310-2.15.2.jar:/home/victoraugusto/.m2/repository/com/fasterxml/jackson/module/jackson-module-parameter-names/2.15.2/jackson-module-parameter-names-2.15.2.jar:/home/victoraugusto/.m2/repository/org/springframework/boot/spring-boot-starter-tomcat/3.1.3/spring-boot-starter-tomcat-3.1.3.jar:/home/victoraugusto/.m2/repository/org/apache/tomcat/embed/tomcat-embed-core/10.1.12/tomcat-embed-core-10.1.12.jar:/home/victoraugusto/.m2/repository/org/apache/tomcat/embed/tomcat-embed-websocket/10.1.12/tomcat-embed-websocket-10.1.12.jar:/home/victoraugusto/.m2/repository/org/springframework/spring-web/6.0.11/spring-web-6.0.11.jar:/home/victoraugusto/.m2/repository/org/springframework/spring-webmvc/6.0.11/spring-webmvc-6.0.11.jar:/home/victoraugusto/.m2/repository/org/springframework/spring-expression/6.0.11/spring-expression-6.0.11.jar:/home/victoraugusto/.m2/repository/com/h2database/h2/2.1.214/h2-2.1.214.jar:/home/victoraugusto/.m2/repository/org/springframework/boot/spring-boot-starter-test/3.1.3/spring-boot-starter-test-3.1.3.jar:/home/victoraugusto/.m2/repository/org/springframework/boot/spring-boot-test/3.1.3/spring-boot-test-3.1.3.jar:/home/victoraugusto/.m2/repository/org/springframework/boot/spring-boot-test-autoconfigure/3.1.3/spring-boot-test-autoconfigure-3.1.3.jar:/home/victoraugusto/.m2/repository/com/jayway/jsonpath/json-path/2.8.0/json-path-2.8.0.jar:/home/victoraugusto/.m2/repository/jakarta/xml/bind/jakarta.xml.bind-api/4.0.0/jakarta.xml.bind-api-4.0.0.jar:/home/victoraugusto/.m2/repository/jakarta/activation/jakarta.activation-api/2.1.2/jakarta.activation-api-2.1.2.jar:/home/victoraugusto/.m2/repository/net/minidev/json-smart/2.4.11/json-smart-2.4.11.jar:/home/victoraugusto/.m2/repository/net/minidev/accessors-smart/2.4.11/accessors-smart-2.4.11.jar:/home/victoraugusto/.m2/repository/org/ow2/asm/asm/9.3/asm-9.3.jar:/home/victoraugusto/.m2/repository/org/assertj/assertj-core/3.24.2/assertj-core-3.24.2.jar:/home/victoraugusto/.m2/repository/org/hamcrest/hamcrest/2.2/hamcrest-2.2.jar:/home/victoraugusto/.m2/repository/org/junit/jupiter/junit-jupiter/5.9.3/junit-jupiter-5.9.3.jar:/home/victoraugusto/.m2/repository/org/junit/jupiter/junit-jupiter-api/5.9.3/junit-jupiter-api-5.9.3.jar:/home/victoraugusto/.m2/repository/org/opentest4j/opentest4j/1.2.0/opentest4j-1.2.0.jar:/home/victoraugusto/.m2/repository/org/junit/platform/junit-platform-commons/1.9.3/junit-platform-commons-1.9.3.jar:/home/victoraugusto/.m2/repository/org/apiguardian/apiguardian-api/1.1.2/apiguardian-api-1.1.2.jar:/home/victoraugusto/.m2/repository/org/junit/jupiter/junit-jupiter-params/5.9.3/junit-jupiter-params-5.9.3.jar:/home/victoraugusto/.m2/repository/org/junit/jupiter/junit-jupiter-engine/5.9.3/junit-jupiter-engine-5.9.3.jar:/home/victoraugusto/.m2/repository/org/junit/platform/junit-platform-engine/1.9.3/junit-platform-engine-1.9.3.jar:/home/victoraugusto/.m2/repository/org/mockito/mockito-core/5.3.1/mockito-core-5.3.1.jar:/home/victoraugusto/.m2/repository/net/bytebuddy/byte-buddy-agent/1.14.6/byte-buddy-agent-1.14.6.jar:/home/victoraugusto/.m2/repository/org/objenesis/objenesis/3.3/objenesis-3.3.jar:/home/victoraugusto/.m2/repository/org/mockito/mockito-junit-jupiter/5.3.1/mockito-junit-jupiter-5.3.1.jar:/home/victoraugusto/.m2/repository/org/skyscreamer/jsonassert/1.5.1/jsonassert-1.5.1.jar:/home/victoraugusto/.m2/repository/com/vaadin/external/google/android-json/0.0.20131108.vaadin1/android-json-0.0.20131108.vaadin1.jar:/home/victoraugusto/.m2/repository/org/springframework/spring-core/6.0.11/spring-core-6.0.11.jar:/home/victoraugusto/.m2/repository/org/springframework/spring-jcl/6.0.11/spring-jcl-6.0.11.jar:/home/victoraugusto/.m2/repository/org/springframework/spring-test/6.0.11/spring-test-6.0.11.jar:/home/victoraugusto/.m2/repository/org/xmlunit/xmlunit-core/2.9.1/xmlunit-core-2.9.1.jar:/home/victoraugusto/.m2/repository/org/springframework/boot/spring-boot-starter-security/3.1.3/spring-boot-starter-security-3.1.3.jar:/home/victoraugusto/.m2/repository/org/springframework/spring-aop/6.0.11/spring-aop-6.0.11.jar:/home/victoraugusto/.m2/repository/org/springframework/security/spring-security-config/6.1.3/spring-security-config-6.1.3.jar:/home/victoraugusto/.m2/repository/org/springframework/security/spring-security-web/6.1.3/spring-security-web-6.1.3.jar:/home/victoraugusto/.m2/repository/org/springframework/security/spring-security-test/6.1.3/spring-security-test-6.1.3.jar:/home/victoraugusto/.m2/repository/org/springframework/security/spring-security-core/6.1.3/spring-security-core-6.1.3.jar:/home/victoraugusto/.m2/repository/org/springframework/security/spring-security-crypto/6.1.3/spring-security-crypto-6.1.3.jar:/home/victoraugusto/.m2/repository/io/jsonwebtoken/jjwt-api/0.11.5/jjwt-api-0.11.5.jar:/home/victoraugusto/.m2/repository/io/jsonwebtoken/jjwt-impl/0.11.2/jjwt-impl-0.11.2.jar:/home/victoraugusto/.m2/repository/io/jsonwebtoken/jjwt-jackson/0.11.1/jjwt-jackson-0.11.1.jar:/home/victoraugusto/.m2/repository/com/fasterxml/jackson/core/jackson-databind/2.15.2/jackson-databind-2.15.2.jar:/home/victoraugusto/.m2/repository/com/fasterxml/jackson/core/jackson-annotations/2.15.2/jackson-annotations-2.15.2.jar:/home/victoraugusto/.m2/repository/org/springframework/boot/spring-boot-starter-actuator/3.0.5/spring-boot-starter-actuator-3.0.5.jar:/home/victoraugusto/.m2/repository/org/springframework/boot/spring-boot-actuator-autoconfigure/3.1.3/spring-boot-actuator-autoconfigure-3.1.3.jar:/home/victoraugusto/.m2/repository/org/springframework/boot/spring-boot-actuator/3.1.3/spring-boot-actuator-3.1.3.jar:/home/victoraugusto/.m2/repository/io/micrometer/micrometer-observation/1.11.3/micrometer-observation-1.11.3.jar:/home/victoraugusto/.m2/repository/io/micrometer/micrometer-commons/1.11.3/micrometer-commons-1.11.3.jar:/home/victoraugusto/.m2/repository/io/micrometer/micrometer-core/1.11.3/micrometer-core-1.11.3.jar:/home/victoraugusto/.m2/repository/org/hdrhistogram/HdrHistogram/2.1.12/HdrHistogram-2.1.12.jar:/home/victoraugusto/.m2/repository/org/latencyutils/LatencyUtils/2.0.3/LatencyUtils-2.0.3.jar:/home/victoraugusto/.m2/repository/org/springframework/boot/spring-boot-starter-websocket/3.1.3/spring-boot-starter-websocket-3.1.3.jar:/home/victoraugusto/.m2/repository/org/springframework/spring-messaging/6.0.11/spring-messaging-6.0.11.jar:/home/victoraugusto/.m2/repository/org/springframework/spring-websocket/6.0.11/spring-websocket-6.0.11.jar:/home/victoraugusto/.m2/repository/org/springdoc/springdoc-openapi-starter-webmvc-ui/2.2.0/springdoc-openapi-starter-webmvc-ui-2.2.0.jar:/home/victoraugusto/.m2/repository/org/springdoc/springdoc-openapi-starter-webmvc-api/2.2.0/springdoc-openapi-starter-webmvc-api-2.2.0.jar:/home/victoraugusto/.m2/repository/org/springdoc/springdoc-openapi-starter-common/2.2.0/springdoc-openapi-starter-common-2.2.0.jar:/home/victoraugusto/.m2/repository/io/swagger/core/v3/swagger-core-jakarta/2.2.15/swagger-core-jakarta-2.2.15.jar:/home/victoraugusto/.m2/repository/org/apache/commons/commons-lang3/3.12.0/commons-lang3-3.12.0.jar:/home/victoraugusto/.m2/repository/io/swagger/core/v3/swagger-annotations-jakarta/2.2.15/swagger-annotations-jakarta-2.2.15.jar:/home/victoraugusto/.m2/repository/io/swagger/core/v3/swagger-models-jakarta/2.2.15/swagger-models-jakarta-2.2.15.jar:/home/victoraugusto/.m2/repository/com/fasterxml/jackson/dataformat/jackson-dataformat-yaml/2.15.2/jackson-dataformat-yaml-2.15.2.jar:/home/victoraugusto/.m2/repository/org/webjars/swagger-ui/5.2.0/swagger-ui-5.2.0.jar:/home/victoraugusto/.m2/repository/org/springframework/boot/spring-boot-starter-validation/3.1.3/spring-boot-starter-validation-3.1.3.jar:/home/victoraugusto/.m2/repository/org/apache/tomcat/embed/tomcat-embed-el/10.1.12/tomcat-embed-el-10.1.12.jar:/home/victoraugusto/.m2/repository/org/hibernate/validator/hibernate-validator/8.0.1.Final/hibernate-validator-8.0.1.Final.jar:/home/victoraugusto/.m2/repository/jakarta/validation/jakarta.validation-api/3.0.2/jakarta.validation-api-3.0.2.jar:/home/victoraugusto/.m2/repository/io/springfox/springfox-swagger2/3.0.0/springfox-swagger2-3.0.0.jar:/home/victoraugusto/.m2/repository/io/springfox/springfox-spi/3.0.0/springfox-spi-3.0.0.jar:/home/victoraugusto/.m2/repository/io/springfox/springfox-core/3.0.0/springfox-core-3.0.0.jar:/home/victoraugusto/.m2/repository/io/springfox/springfox-schema/3.0.0/springfox-schema-3.0.0.jar:/home/victoraugusto/.m2/repository/io/springfox/springfox-swagger-common/3.0.0/springfox-swagger-common-3.0.0.jar:/home/victoraugusto/.m2/repository/io/swagger/core/v3/swagger-annotations/2.1.2/swagger-annotations-2.1.2.jar:/home/victoraugusto/.m2/repository/io/springfox/springfox-spring-web/3.0.0/springfox-spring-web-3.0.0.jar:/home/victoraugusto/.m2/repository/io/github/classgraph/classgraph/4.8.83/classgraph-4.8.83.jar:/home/victoraugusto/.m2/repository/io/springfox/springfox-spring-webmvc/3.0.0/springfox-spring-webmvc-3.0.0.jar:/home/victoraugusto/.m2/repository/io/springfox/springfox-spring-webflux/3.0.0/springfox-spring-webflux-3.0.0.jar:/home/victoraugusto/.m2/repository/com/fasterxml/classmate/1.5.1/classmate-1.5.1.jar:/home/victoraugusto/.m2/repository/org/slf4j/slf4j-api/2.0.7/slf4j-api-2.0.7.jar:/home/victoraugusto/.m2/repository/org/springframework/plugin/spring-plugin-core/2.0.0.RELEASE/spring-plugin-core-2.0.0.RELEASE.jar:/home/victoraugusto/.m2/repository/org/springframework/plugin/spring-plugin-metadata/2.0.0.RELEASE/spring-plugin-metadata-2.0.0.RELEASE.jar:/home/victoraugusto/.m2/repository/io/swagger/swagger-annotations/1.5.20/swagger-annotations-1.5.20.jar:/home/victoraugusto/.m2/repository/io/swagger/swagger-models/1.5.20/swagger-models-1.5.20.jar:/home/victoraugusto/.m2/repository/org/mapstruct/mapstruct/1.3.1.Final/mapstruct-1.3.1.Final.jar:/home/victoraugusto/.m2/repository/io/springfox/springfox-swagger-ui/3.0.0/springfox-swagger-ui-3.0.0.jar:/home/victoraugusto/.m2/repository/org/projectlombok/lombok/1.18.30/lombok-1.18.30.jar:"/>
    <property name="sun.cpu.endian" value="little"/>
    <property name="user.home" value="/home/victoraugusto"/>
    <property name="user.language" value="pt"/>
    <property name="java.specification.vendor" value="Oracle Corporation"/>
    <property name="java.version.date" value="2024-01-16"/>
    <property name="java.home" value="/home/victoraugusto/.jdks/corretto-17.0.10"/>
    <property name="file.separator" value="/"/>
    <property name="basedir" value="/home/victoraugusto/Documentos/editMatch/backend"/>
    <property name="java.vm.compressedOopsMode" value="Zero based"/>
    <property name="line.separator" value="&#10;"/>
    <property name="java.specification.name" value="Java Platform API Specification"/>
    <property name="java.vm.specification.vendor" value="Oracle Corporation"/>
    <property name="FILE_LOG_CHARSET" value="UTF-8"/>
    <property name="java.awt.headless" value="true"/>
    <property name="surefire.real.class.path" value="/home/victoraugusto/Documentos/editMatch/backend/target/surefire/surefirebooter-20240312103741880_3.jar"/>
    <property name="sun.management.compiler" value="HotSpot 64-Bit Tiered Compilers"/>
    <property name="java.runtime.version" value="17.0.10+8-LTS"/>
    <property name="user.name" value="victoraugusto"/>
    <property name="path.separator" value=":"/>
    <property name="os.version" value="6.5.0-25-generic"/>
    <property name="java.runtime.name" value="OpenJDK Runtime Environment"/>
    <property name="file.encoding" value="UTF-8"/>
    <property name="java.vm.name" value="OpenJDK 64-Bit Server VM"/>
    <property name="java.vendor.version" value="Corretto-17.0.10.8.1"/>
    <property name="localRepository" value="/home/victoraugusto/.m2/repository"/>
    <property name="java.vendor.url.bug" value="https://github.com/corretto/corretto-17/issues/"/>
    <property name="java.io.tmpdir" value="/tmp"/>
    <property name="idea.version" value="2023.3.4"/>
    <property name="com.zaxxer.hikari.pool_number" value="1"/>
    <property name="java.version" value="17.0.10"/>
    <property name="user.dir" value="/home/victoraugusto/Documentos/editMatch/backend"/>
    <property name="os.arch" value="amd64"/>
    <property name="java.vm.specification.name" value="Java Virtual Machine Specification"/>
    <property name="PID" value="29281"/>
    <property name="CONSOLE_LOG_CHARSET" value="UTF-8"/>
    <property name="native.encoding" value="UTF-8"/>
    <property name="java.library.path" value="/usr/java/packages/lib:/usr/lib64:/lib64:/lib:/usr/lib"/>
    <property name="java.vm.info" value="mixed mode, sharing"/>
    <property name="java.vendor" value="Amazon.com Inc."/>
    <property name="java.vm.version" value="17.0.10+8-LTS"/>
    <property name="sun.io.unicode.encoding" value="UnicodeLittle"/>
    <property name="java.class.version" value="61.0"/>
  </properties>
  <testcase name="contextLoads" classname="com.example.EditMatch.EditMatchApplicationTests" time="0.432">
    <system-out><![CDATA[Standard Commons Logging discovery in action with spring-jcl: please remove commons-logging.jar from classpath in order to avoid potential conflicts
10:37:42.591 [main] INFO org.springframework.test.context.support.AnnotationConfigContextLoaderUtils -- Could not detect default configuration classes for test class [com.example.EditMatch.EditMatchApplicationTests]: EditMatchApplicationTests does not declare any static, non-private, non-final, nested classes annotated with @Configuration.
10:37:42.679 [main] INFO org.springframework.boot.test.context.SpringBootTestContextBootstrapper -- Found @SpringBootConfiguration com.example.EditMatch.EditMatchApplication for test class com.example.EditMatch.EditMatchApplicationTests

  .   ____          _            __ _ _
 /\\ / ___'_ __ _ _(_)_ __  __ _ \ \ \ \
( ( )\___ | '_ | '_| | '_ \/ _` | \ \ \ \
 \\/  ___)| |_)| | | | | || (_| |  ) ) ) )
  '  |____| .__|_| |_|_| |_\__, | / / / /
 =========|_|==============|___/=/_/_/_/
 :: Spring Boot ::                (v3.1.3)

2024-03-12T10:37:42.965-03:00  INFO 29281 --- [           main] c.e.EditMatch.EditMatchApplicationTests  : Starting EditMatchApplicationTests using Java 17.0.10 with PID 29281 (started by victoraugusto in /home/victoraugusto/Documentos/editMatch/backend)
2024-03-12T10:37:42.967-03:00  INFO 29281 --- [           main] c.e.EditMatch.EditMatchApplicationTests  : No active profile set, falling back to 1 default profile: "default"
2024-03-12T10:37:43.870-03:00  INFO 29281 --- [           main] .s.d.r.c.RepositoryConfigurationDelegate : Bootstrapping Spring Data JPA repositories in DEFAULT mode.
2024-03-12T10:37:43.933-03:00  INFO 29281 --- [           main] .s.d.r.c.RepositoryConfigurationDelegate : Finished Spring Data repository scanning in 57 ms. Found 12 JPA repository interfaces.
2024-03-12T10:37:44.412-03:00  INFO 29281 --- [           main] com.zaxxer.hikari.HikariDataSource       : HikariPool-1 - Starting...
2024-03-12T10:37:44.551-03:00  INFO 29281 --- [           main] com.zaxxer.hikari.pool.HikariPool        : HikariPool-1 - Added connection conn0: url=jdbc:h2:mem:editMatch user=ADMIN
2024-03-12T10:37:44.552-03:00  INFO 29281 --- [           main] com.zaxxer.hikari.HikariDataSource       : HikariPool-1 - Start completed.
2024-03-12T10:37:44.586-03:00  INFO 29281 --- [           main] o.hibernate.jpa.internal.util.LogHelper  : HHH000204: Processing PersistenceUnitInfo [name: default]
2024-03-12T10:37:44.623-03:00  INFO 29281 --- [           main] org.hibernate.Version                    : HHH000412: Hibernate ORM core version 6.2.7.Final
2024-03-12T10:37:44.625-03:00  INFO 29281 --- [           main] org.hibernate.cfg.Environment            : HHH000406: Using bytecode reflection optimizer
2024-03-12T10:37:44.733-03:00  INFO 29281 --- [           main] o.h.b.i.BytecodeProviderInitiator        : HHH000021: Bytecode provider name : bytebuddy
2024-03-12T10:37:44.826-03:00  INFO 29281 --- [           main] o.s.o.j.p.SpringPersistenceUnitInfo      : No LoadTimeWeaver setup: ignoring JPA class transformer
2024-03-12T10:37:45.069-03:00  INFO 29281 --- [           main] o.h.b.i.BytecodeProviderInitiator        : HHH000021: Bytecode provider name : bytebuddy
2024-03-12T10:37:45.825-03:00  INFO 29281 --- [           main] o.h.e.t.j.p.i.JtaPlatformInitiator       : HHH000490: Using JtaPlatform implementation: [org.hibernate.engine.transaction.jta.platform.internal.NoJtaPlatform]
Hibernate: 
    drop table if exists ability cascade 
Hibernate: 
    drop table if exists address cascade 
Hibernate: 
    drop table if exists cart cascade 
Hibernate: 
    drop table if exists orders cascade 
Hibernate: 
    drop table if exists pagamento cascade 
Hibernate: 
    drop table if exists portfolio cascade 
Hibernate: 
    drop table if exists servico cascade 
Hibernate: 
    drop table if exists social_network cascade 
Hibernate: 
    drop table if exists social_network_type cascade 
Hibernate: 
    drop table if exists user_has_ability cascade 
Hibernate: 
    drop table if exists usuario cascade 
Hibernate: 
    drop table if exists video cascade 
Hibernate: 
    create table ability (
        id integer generated by default as identity,
        usuario_id integer,
        desc varchar(255),
        nome varchar(255),
        primary key (id)
    )
Hibernate: 
    create table address (
        id integer generated by default as identity,
        bairro varchar(255),
        cep varchar(255),
        cidade varchar(255),
        complemento varchar(255),
        estado varchar(255),
        logradouro varchar(255),
        numero varchar(255),
        primary key (id)
    )
Hibernate: 
    create table cart (
        fk_client integer,
        fk_editor integer,
        id integer generated by default as identity,
        valor_total integer,
        primary key (id)
    )
Hibernate: 
    create table orders (
        fk_client integer,
        fk_editor integer,
        id integer generated by default as identity,
        desc varchar(255),
        skills varchar(255),
        title varchar(255),
        primary key (id)
    )
Hibernate: 
    create table pagamento (
        expiracao_mes integer,
        id integer generated by default as identity,
        servico_id integer unique,
        status integer,
        crate_at timestamp(6),
        primary key (id)
    )
Hibernate: 
    create table portfolio (
        editor_id integer unique,
        id integer generated by default as identity,
        title varchar(255),
        link_yt_video_id varchar(255) array,
        primary key (id)
    )
Hibernate: 
    create table servico (
        created_at date,
        expected_date date,
        finished_at date,
        id integer generated by default as identity,
        updated_at date,
        usuario_cliente_id integer,
        usuario_editor_id integer,
        valor float(53),
        desc varchar(255),
        title varchar(255),
        primary key (id)
    )
Hibernate: 
    create table social_network (
        id integer generated by default as identity,
        social_network_type_id integer,
        user_id integer,
        link varchar(100),
        primary key (id)
    )
Hibernate: 
    create table social_network_type (
        id integer generated by default as identity,
        nome varchar(40),
        icon varchar(100),
        primary key (id)
    )
Hibernate: 
    create table user_has_ability (
        ability_id integer,
        id_user_has_ability integer generated by default as identity,
        user_id integer,
        primary key (id_user_has_ability)
    )
Hibernate: 
    create table usuario (
        address_id integer unique,
        birth date,
        data_entrega date,
        gender integer check ((gender>=0) and (gender<=1)),
        id integer generated by default as identity,
        is_editor boolean,
        valor_hora float(53),
        created_at timestamp(6),
        updated_at timestamp(6),
        dtype varchar(31) not null,
        chave_pix varchar(255),
        cpf varchar(255),
        desc_profile varchar(255),
        email varchar(255),
        last_name varchar(255),
        nome varchar(255),
        password varchar(255),
        rg varchar(255),
        skills varchar(255),
        photo_profile_data blob,
        primary key (id)
    )
Hibernate: 
    create table video (
        id integer generated by default as identity,
        user_id integer,
        descricao varchar(100),
        link varchar(100),
        title varchar(100),
        primary key (id)
    )
Hibernate: 
    alter table if exists ability 
       add constraint FKy7w020k86008y18oa59fdx0j 
       foreign key (usuario_id) 
       references usuario
Hibernate: 
    alter table if exists cart 
       add constraint FK3s65cothrl41qepxr2ph9xa0o 
       foreign key (fk_client) 
       references usuario
Hibernate: 
    alter table if exists cart 
       add constraint FKhdw66361r44b0u08up4wgavo9 
       foreign key (fk_editor) 
       references usuario
Hibernate: 
    alter table if exists orders 
       add constraint FKtm6h5d3kxwewghrcafflvxglm 
       foreign key (fk_client) 
       references usuario
Hibernate: 
    alter table if exists orders 
       add constraint FKh7145mxid3k7v9b7hs023r5wy 
       foreign key (fk_editor) 
       references usuario
Hibernate: 
    alter table if exists pagamento 
       add constraint FKe5gqxw11cmaksaybsl2x06m3m 
       foreign key (servico_id) 
       references servico
Hibernate: 
    alter table if exists portfolio 
       add constraint FK8r5vh8duxaue4q0k18g4myxe5 
       foreign key (editor_id) 
       references usuario
Hibernate: 
    alter table if exists servico 
       add constraint FKsfp6mlcmr1x27nw5bua8ero06 
       foreign key (usuario_cliente_id) 
       references usuario
Hibernate: 
    alter table if exists servico 
       add constraint FK8inco4bu6rx54k0jbk7ljdvxs 
       foreign key (usuario_editor_id) 
       references usuario
Hibernate: 
    alter table if exists social_network 
       add constraint FKs1wqv97udr4ldsk25bdxp4v9u 
       foreign key (social_network_type_id) 
       references social_network_type
Hibernate: 
    alter table if exists social_network 
       add constraint FKddhxbhb3yt1pgd61cjxwsilrl 
       foreign key (user_id) 
       references usuario
Hibernate: 
    alter table if exists user_has_ability 
       add constraint FKer2ur7h3euo9x1p6lgw0k0fe9 
       foreign key (ability_id) 
       references ability
Hibernate: 
    alter table if exists user_has_ability 
       add constraint FKn4lilmqb90ipy0596y1v3utgb 
       foreign key (user_id) 
       references usuario
Hibernate: 
    alter table if exists usuario 
       add constraint FK7acvvx1yg03a45e2et7a996nc 
       foreign key (address_id) 
       references address
Hibernate: 
    alter table if exists video 
       add constraint FKf22lgo8fbt6veapmvngfm70lh 
       foreign key (user_id) 
       references usuario
2024-03-12T10:37:45.894-03:00  INFO 29281 --- [           main] j.LocalContainerEntityManagerFactoryBean : Initialized JPA EntityManagerFactory for persistence unit 'default'
2024-03-12T10:37:46.460-03:00  INFO 29281 --- [           main] o.s.d.j.r.query.QueryEnhancerFactory     : Hibernate is in classpath; If applicable, HQL parser will be used.
2024-03-12T10:37:47.150-03:00  WARN 29281 --- [           main] JpaBaseConfiguration$JpaWebConfiguration : spring.jpa.open-in-view is enabled by default. Therefore, database queries may be performed during view rendering. Explicitly configure spring.jpa.open-in-view to disable this warning
2024-03-12T10:37:47.908-03:00  INFO 29281 --- [           main] o.s.s.web.DefaultSecurityFilterChain     : Will secure any request with [org.springframework.security.web.session.DisableEncodeUrlFilter@60035f1e, org.springframework.security.web.context.request.async.WebAsyncManagerIntegrationFilter@5827908c, org.springframework.security.web.context.SecurityContextHolderFilter@188ccb6c, org.springframework.security.web.header.HeaderWriterFilter@2efda33d, org.springframework.web.filter.CorsFilter@732ffb6a, org.springframework.security.web.authentication.logout.LogoutFilter@48e7e2ca, com.example.EditMatch.configuration.security.AutenticacaoFilter@1b61c1, org.springframework.security.web.savedrequest.RequestCacheAwareFilter@4a0934a8, org.springframework.security.web.servletapi.SecurityContextHolderAwareRequestFilter@4cf66f73, org.springframework.security.web.authentication.AnonymousAuthenticationFilter@5ed83e36, org.springframework.security.web.session.SessionManagementFilter@7b4268e2, org.springframework.security.web.access.ExceptionTranslationFilter@4df3b838, org.springframework.security.web.access.intercept.AuthorizationFilter@292237cd]
2024-03-12T10:37:48.672-03:00  INFO 29281 --- [           main] o.s.b.a.h2.H2ConsoleAutoConfiguration    : H2 console available at '/h2-console'. Database available at 'jdbc:h2:mem:editMatch'
2024-03-12T10:37:48.720-03:00  INFO 29281 --- [           main] o.s.b.a.e.web.EndpointLinksResolver      : Exposing 1 endpoint(s) beneath base path '/actuator'
2024-03-12T10:37:48.782-03:00  INFO 29281 --- [           main] o.s.m.s.b.SimpleBrokerMessageHandler     : Starting...
2024-03-12T10:37:48.782-03:00  INFO 29281 --- [           main] o.s.m.s.b.SimpleBrokerMessageHandler     : BrokerAvailabilityEvent[available=true, SimpleBrokerMessageHandler [org.springframework.messaging.simp.broker.DefaultSubscriptionRegistry@36f329e7]]
2024-03-12T10:37:48.783-03:00  INFO 29281 --- [           main] o.s.m.s.b.SimpleBrokerMessageHandler     : Started.
2024-03-12T10:37:48.796-03:00  INFO 29281 --- [           main] c.e.EditMatch.EditMatchApplicationTests  : Started EditMatchApplicationTests in 6.007 seconds (process running for 6.848)
]]></system-out>
  </testcase>
</testsuite>